[
  { Type: 'Card', Debit/Credit: 'Debit', Date: '01-01-18', Country: 'FR', Amount: 300.00, Device: 'Internet', Location: 'Outside Slovakia', Mechant Type: 'Travel Agencies', Merchant Name: 'EXPEDIA', Description: 'EXPEDIA CO TH'
 },
  { Type: 'Card', Debit/Credit: 'Debit', Date: '01-02-18', Country: 'SK', Amount: 5.52, Device: 'Terminal', Location: 'Slovakia', Mechant Type: 'Service Stations', Merchant Name: 'OMV', Description: 'BRATISLAVA'
 },
  { Type: 'Card', Debit/Credit: 'Debit', Date: '01-04-18', Country: 'SK', Amount: 400.00, Device: 'ATM', Location: 'Slovakia', Mechant Type: 'Financial Institutions - Automated Cash Disbursements', Merchant Name: 'TB', Description: 'BRATISLAVA'
 },
  { Type: 'Card', Debit/Credit: 'Debit', Date: '01-04-18', Country: 'SK', Amount: 16.83, Device: 'Terminal', Location: 'Slovakia', Mechant Type: 'Grocery Stores/Supermarkets', Merchant Name: 'TESCO', Description: 'BRATISLAVA'
 },
  { Type: 'Card', Debit/Credit: 'Debit', Date: '01-06-18', Country: 'SK', Amount: 1.10, Device: 'Terminal', Location: 'Slovakia', Mechant Type: 'Restaurants', Merchant Name: 'KAVIAREN', Description: 'BRATISLAVA'
 },
  { Type: 'Card', Debit/Credit: 'Debit', Date: '01-08-18', Country: 'GB', Amount: 880.00, Device: 'Internet', Location: 'Outside Slovakia', Mechant Type: 'Travel Agencies', Merchant Name: 'RESERVATION', Description: 'INTERNET'
 },
  { Type: 'Card', Debit/Credit: 'Debit', Date: '01-11-18', Country: 'GB', Amount: 40.00, Device: 'Internet', Location: 'Outside Slovakia', Mechant Type: 'Travel Agencies', Merchant Name: 'RESERVATION', Description: 'INTERNET'
 },
  { Type: 'Card', Debit/Credit: 'Debit', Date: '01-14-18', Country: 'GB', Amount: 2250.00, Device: 'Internet', Location: 'Outside Slovakia', Mechant Type: 'Travel Agencies', Merchant Name: 'RESERVATION', Description: 'INTERNET'
 },
  { Type: 'Card', Debit/Credit: 'Debit', Date: '01-14-18', Country: 'SK', Amount: 200.00, Device: 'ATM', Location: 'Slovakia', Mechant Type: 'Financial Institutions - Automated Cash Disbursements', Merchant Name: 'TB', Description: 'BRATISLAVA'
 },
  { Type: 'Card', Debit/Credit: 'Debit', Date: '01-17-18', Country: 'GB', Amount: 660.00, Device: 'Internet', Location: 'Outside Slovakia', Mechant Type: 'Travel Agencies', Merchant Name: 'RESERVATION', Description: 'INTERNET'
 },
  { Type: 'Card', Debit/Credit: 'Debit', Date: '01-24-18', Country: 'AE', Amount: 15.00, Device: 'Terminal', Location: 'Outside Slovakia', Mechant Type: 'Fast Food Restaurants', Merchant Name: 'JONES THE GROCER', Description: 'DUBAI'
 },
  { Type: 'Card', Debit/Credit: 'Debit', Date: '01-24-18', Country: 'AE', Amount: 55.00, Device: 'Terminal', Location: 'Outside Slovakia', Mechant Type: 'Duty Free Stores', Merchant Name: 'DUBAI DUTY FREE', Description: 'DUBAI'
 },
  { Type: 'Card', Debit/Credit: 'Debit', Date: '01-28-18', Country: 'TH', Amount: 20.00, Device: 'Terminal', Location: 'Outside Slovakia', Mechant Type: 'Automobile Rental Agency', Merchant Name: 'EUROPCAR(THAILAND)-CHIANG', Description: 'CHIANGMAI'
 },
  { Type: 'Card', Debit/Credit: 'Debit', Date: '01-31-18', Country: 'TH', Amount: 220.00, Device: 'Terminal', Location: 'Outside Slovakia', Mechant Type: 'Doctors & Physicians', Merchant Name: 'NITIPON CENTRAL PHUKET', Description: 'PHUKET'
 },
  { Type: 'Card', Debit/Credit: 'Debit', Date: '02-01-18', Country: 'SK', Amount: 13.37, Device: 'Terminal', Location: 'Slovakia', Mechant Type: 'Grocery Stores/Supermarkets', Merchant Name: 'TESCO', Description: 'BRATISLAVA'
 },
  { Type: 'Card', Debit/Credit: 'Debit', Date: '02-02-18', Country: 'SK', Amount: 13.00, Device: 'Terminal', Location: 'Slovakia', Mechant Type: 'Drug Stores & Pharmacies', Merchant Name: 'LEKAREN', Description: 'BRATISLAVA'
 },
  { Type: 'Card', Debit/Credit: 'Debit', Date: '02-03-18', Country: 'SK', Amount: 28.44, Device: 'Terminal', Location: 'Slovakia', Mechant Type: 'Grocery Stores/Supermarkets', Merchant Name: 'TESCO', Description: 'BRATISLAVA'
 },
  { Type: 'Card', Debit/Credit: 'Debit', Date: '02-05-18', Country: 'SK', Amount: 20.00, Device: 'Terminal', Location: 'Slovakia', Mechant Type: 'Drug Stores & Pharmacies', Merchant Name: 'LEKAREN', Description: 'BRATISLAVA'
 },
  { Type: 'Card', Debit/Credit: 'Debit', Date: '02-05-18', Country: 'SK', Amount: 33.00, Device: 'Terminal', Location: 'Slovakia', Mechant Type: 'Drug Stores & Pharmacies', Merchant Name: 'LEKAREN', Description: 'BRATISLAVA'
 },
  { Type: 'Card', Debit/Credit: 'Debit', Date: '02-08-18', Country: 'SK', Amount: 200.00, Device: 'ATM', Location: 'Slovakia', Mechant Type: 'Financial Institutions - Automated Cash Disbursements', Merchant Name: 'TB', Description: 'BRATISLAVA'
 },
  { Type: 'Card', Debit/Credit: 'Debit', Date: '02-11-18', Country: 'SK', Amount: 17.07, Device: 'Terminal', Location: 'Slovakia', Mechant Type: 'Grocery Stores/Supermarkets', Merchant Name: 'TESCO', Description: 'BRATISLAVA'
 },
  { Type: 'Card', Debit/Credit: 'Debit', Date: '02-12-18', Country: 'SK', Amount: 5.00, Device: 'Terminal', Location: 'Slovakia', Mechant Type: 'Drug Stores & Pharmacies', Merchant Name: 'LEKAREN', Description: 'BRATISLAVA'
 },
  { Type: 'Card', Debit/Credit: 'Debit', Date: '02-16-18', Country: 'SK', Amount: 18.00, Device: 'Terminal', Location: 'Slovakia', Mechant Type: 'Drug Stores & Pharmacies', Merchant Name: 'LEKAREN', Description: 'BRATISLAVA'
 },
  { Type: 'Card', Debit/Credit: 'Debit', Date: '02-16-18', Country: 'SK', Amount: 27.51, Device: 'Terminal', Location: 'Slovakia', Mechant Type: 'Grocery Stores/Supermarkets', Merchant Name: 'TESCO', Description: 'BRATISLAVA'
 },
  { Type: 'Card', Debit/Credit: 'Debit', Date: '02-19-18', Country: 'SK', Amount: 800.00, Device: 'ATM', Location: 'Slovakia', Mechant Type: 'Financial Institutions - Automated Cash Disbursements', Merchant Name: 'TB', Description: 'BRATISLAVA'
 },
  { Type: 'Card', Debit/Credit: 'Debit', Date: '02-21-18', Country: 'SK', Amount: 22.00, Device: 'Terminal', Location: 'Slovakia', Mechant Type: 'Drug Stores & Pharmacies', Merchant Name: 'LEKAREN', Description: 'BRATISLAVA'
 },
  { Type: 'Card', Debit/Credit: 'Debit', Date: '02-23-18', Country: 'SK', Amount: 10.48, Device: 'Terminal', Location: 'Slovakia', Mechant Type: 'Misc Food Stores - Default', Merchant Name: 'TESCO', Description: 'BRATISLAVA'
 },
  { Type: 'Transfer', Debit/Credit: 'Credit', Date: '01-07-18', Country: 'SK', Amount: 105.52, Device: 'TB App', Location: 'Slovakia', Mechant Type: '', Merchant Name: '', Description: 'SPLATKA UVERU'
 },
  { Type: 'Transfer', Debit/Credit: 'Credit', Date: '01-12-18', Country: 'SK', Amount: 238.02, Device: 'TB App', Location: 'Slovakia', Mechant Type: '', Merchant Name: '', Description: 'HOTEL'
 },
  { Type: 'Transfer', Debit/Credit: 'Credit', Date: '01-12-18', Country: 'SK', Amount: 136.92, Device: 'TB App', Location: 'Slovakia', Mechant Type: '', Merchant Name: '', Description: 'HOTEL'
 },
  { Type: 'Transfer', Debit/Credit: 'Debit', Date: '01-20-18', Country: 'SK', Amount: 249.19, Device: 'TB App', Location: 'Slovakia', Mechant Type: '', Merchant Name: '', Description: 'HOTEL'
 },
  { Type: 'Transfer', Debit/Credit: 'Debit', Date: '01-22-18', Country: 'SK', Amount: 214.57, Device: 'TB App', Location: 'Slovakia', Mechant Type: '', Merchant Name: '', Description: 'VRATENIE HOTEL'
 },
  { Type: 'Transfer', Debit/Credit: 'Credit', Date: '01-27-18', Country: 'SK', Amount: 261.42, Device: 'TB App', Location: 'Slovakia', Mechant Type: '', Merchant Name: '', Description: 'SPLATKA UVERU'
 },
  { Type: 'Transfer', Debit/Credit: 'Debit', Date: '01-30-18', Country: 'SK', Amount: 234.72, Device: '', Location: 'Slovakia', Mechant Type: '', Merchant Name: '', Description: 'KREDITNA KARTA - SPLATKA 11/2017'
 },
  { Type: 'Transfer', Debit/Credit: 'Debit', Date: '02-07-18', Country: 'SK', Amount: 22.48, Device: 'TB App', Location: 'Slovakia', Mechant Type: '', Merchant Name: '"ZSE ENERGIA', Description: ' A.S."', : 'ELEKTRIKA'
 },
  { Type: 'Transfer', Debit/Credit: 'Credit', Date: '02-11-18', Country: 'SK', Amount: 435.00, Device: '', Location: 'Slovakia', Mechant Type: '', Merchant Name: '"URAD PRACE', Description: ' SOCIALNYCH VECI A RODINY ZILINA"', : 'DAVKA PRACE NESHOPNOST'
 },
  { Type: 'Transfer', Debit/Credit: 'Debit', Date: '02-15-18', Country: 'SK', Amount: 6.31, Device: 'TB App', Location: 'Slovakia', Mechant Type: '', Merchant Name: 'BRATISLAVSKA VODAREN', Description: 'VODA'
 },
  { Type: 'Transfer', Debit/Credit: 'Debit', Date: '02-21-18', Country: 'SK', Amount: 29.10, Device: 'TB App', Location: 'Slovakia', Mechant Type: '', Merchant Name: '"SLOVAK TELEKOM', Description: ' A.S."', : 'TELEKOM'
 },
  { Type: 'Transfer', Debit/Credit: 'Debit', Date: '02-21-18', Country: 'SK', Amount: 2.20, Device: 'TB App', Location: 'Slovakia', Mechant Type: '', Merchant Name: '"ZSE ENERGIA', Description: ' A.S."', : 'ELEKTRIKA'
 },
  { Type: 'Transfer', Debit/Credit: 'Debit', Date: '02-22-18', Country: 'SK', Amount: 1800.00, Device: 'TB App', Location: 'Slovakia', Mechant Type: '', Merchant Name: '', Description: 'VRATENIE POZICKY'
 },
  { Type: 'Transfer', Debit/Credit: 'Credit', Date: '03-11-18', Country: 'SK', Amount: 400.00, Device: '', Location: 'Slovakia', Mechant Type: '', Merchant Name: '"URAD PRACE', Description: ' SOCIALNYCH VECI A RODINY ZILINA"', : 'DAVKA PRACE NESHOPNOST'
 },
  { Type: 'Transfer', Debit/Credit: 'Debit', Date: '03-11-18', Country: 'SK', Amount: 17.88, Device: 'TB App', Location: 'Slovakia', Mechant Type: '', Merchant Name: '"SLOVAK TELEKOM', Description: ' A.S."', : 'TELEKOM'
 },
  { Type: 'Transfer', Debit/Credit: 'Debit', Date: '03-27-18', Country: 'SK', Amount: 21.01, Device: 'TB App', Location: 'Slovakia', Mechant Type: '', Merchant Name: 'BRATISLAVSKA VODAREN', Description: 'VODA'
 }
]