insert into transcation (id, currency, category, description, user_id, date, location, type, amount)
values (240, 'eur', 'Grocery Stores/Supermarkets', 'TESCO', 7, '10-04-18', 'Slovakia', 'expense', 21);
insert into transcation (id, currency, category, description, user_id, date, location, type, amount)
values (241, 'eur', 'Grocery Stores/Supermarkets', 'TESCO', 7, '10-09-18', 'Slovakia', 'expense', 8);
insert into transcation (id, currency, category, description, user_id, date, location, type, amount)
values (242, 'eur', 'Grocery Stores/Supermarkets', 'TESCO', 7, '10-20-18', 'Slovakia', 'expense', 10);
insert into transcation (id, currency, category, description, user_id, date, location, type, amount)
values (243, 'eur', 'Grocery Stores/Supermarkets', 'TESCO', 7, '10-21-18', 'Slovakia', 'expense', 6);
insert into transcation (id, currency, category, description, user_id, date, location, type, amount)
values (244, 'eur', 'Grocery Stores/Supermarkets', 'TESCO', 7, '10-22-18', 'Slovakia', 'expense', 13);
insert into transcation (id, currency, category, description, user_id, date, location, type, amount)
values (245, 'eur', 'Grocery Stores/Supermarkets', 'TESCO', 7, '10-26-18', 'Slovakia', 'expense', 4);
insert into transcation (id, currency, category, description, user_id, date, location, type, amount)
values (246, 'eur', 'Grocery Stores/Supermarkets', 'TESCO', 7, '11-09-18', 'Slovakia', 'expense', 3);
insert into transcation (id, currency, category, description, user_id, date, location, type, amount)
values (247, 'eur', 'Grocery Stores/Supermarkets', 'TESCO', 7, '11-13-18', 'Slovakia', 'expense', 11);
insert into transcation (id, currency, category, description, user_id, date, location, type, amount)
values (248, 'eur', 'Grocery Stores/Supermarkets', 'TESCO', 7, '11-15-18', 'Slovakia', 'expense', 17);
insert into transcation (id, currency, category, description, user_id, date, location, type, amount)
values (249, 'eur', 'Misc Home Furnishing Specialty', 'IKEA', 7, '11-17-18', 'Slovakia', 'expense', 15);
insert into transcation (id, currency, category, description, user_id, date, location, type, amount)
values (250, 'eur', 'Grocery Stores/Supermarkets', 'TESCO', 7, '11-23-18', 'Slovakia', 'expense', 10);
insert into transcation (id, currency, category, description, user_id, date, location, type, amount)
values (251, 'eur', 'Financial Institutions - Automated Cash Disbursements', 'TB DUNAJSKA', 7, '12-08-18', 'Slovakia', 'expense', 50);
insert into transcation (id, currency, category, description, user_id, date, location, type, amount)
values (252, 'eur', 'Grocery Stores/Supermarkets', 'TESCO', 7, '12-25-18', 'Slovakia', 'expense', 5);
insert into transcation (id, currency, category, description, user_id, date, location, type, amount)
values (253, 'eur', '', '', 7, '10-01-18', 'Slovakia', 'expense', 160);
insert into transcation (id, currency, category, description, user_id, date, location, type, amount)
values (254, 'eur', '', '', 7, '10-06-18', 'Slovakia', 'expense', 170);
insert into transcation (id, currency, category, description, user_id, date, location, type, amount)
values (255, 'eur', '', 'MIESTNY URAD', 7, '10-06-18', 'Slovakia', 'expense', 21);
insert into transcation (id, currency, category, description, user_id, date, location, type, amount)
values (256, 'eur', '', '"SLOVENSKA POSTA', 7, '10-09-18', 'Slovakia', 'expense', 18);
insert into transcation (id, currency, category, description, user_id, date, location, type, amount)
values (257, 'eur', '', '"SLOVAK TELEKOM', 7, '10-10-18', 'Slovakia', 'expense', 7);
insert into transcation (id, currency, category, description, user_id, date, location, type, amount)
values (258, 'eur', '', '"ZSE ENERGIA', 7, '10-14-18', 'Slovakia', 'expense', 5);
insert into transcation (id, currency, category, description, user_id, date, location, type, amount)
values (259, 'eur', '', 'SOCIALNA POISTOVNA', 7, '10-18-18', 'Slovakia', 'expense', 330);
insert into transcation (id, currency, category, description, user_id, date, location, type, amount)
values (260, 'eur', '', '', 7, '10-18-18', 'Slovakia', 'expense', 120);
insert into transcation (id, currency, category, description, user_id, date, location, type, amount)
values (261, 'eur', '', 'RTVS', 7, '10-18-18', 'Slovakia', 'expense', 17);
insert into transcation (id, currency, category, description, user_id, date, location, type, amount)
values (262, 'eur', '', 'MIESTNY URAD', 7, '10-25-18', 'Slovakia', 'expense', 25);
insert into transcation (id, currency, category, description, user_id, date, location, type, amount)
values (263, 'eur', '', '"SLOVENSKA POSTA', 7, '10-26-18', 'Slovakia', 'expense', 28);
insert into transcation (id, currency, category, description, user_id, date, location, type, amount)
values (264, 'eur', '', '"SLOVAK TELEKOM', 7, '10-30-18', 'Slovakia', 'expense', 19);
insert into transcation (id, currency, category, description, user_id, date, location, type, amount)
values (265, 'eur', '', '"ZSE ENERGIA', 7, '11-02-18', 'Slovakia', 'expense', 12);
insert into transcation (id, currency, category, description, user_id, date, location, type, amount)
values (266, 'eur', '', 'SOCIALNA POISTOVNA', 7, '11-03-18', 'Slovakia', 'expense', 330);
insert into transcation (id, currency, category, description, user_id, date, location, type, amount)
values (267, 'eur', '', 'ROZHLAS A TELEVIZIA', 7, '11-06-18', 'Slovakia', 'expense', 11);
insert into transcation (id, currency, category, description, user_id, date, location, type, amount)
values (268, 'eur', '', 'MIESTNY URAD', 7, '11-13-18', 'Slovakia', 'expense', 56);
insert into transcation (id, currency, category, description, user_id, date, location, type, amount)
values (269, 'eur', '', 'MIESTNY URAD', 7, '11-20-18', 'Slovakia', 'expense', 10);
insert into transcation (id, currency, category, description, user_id, date, location, type, amount)
values (270, 'eur', '', '"SLOVAK TELEKOM', 7, '11-23-18', 'Slovakia', 'expense', 25);
insert into transcation (id, currency, category, description, user_id, date, location, type, amount)
values (271, 'eur', '', '"SLOVENSKA POSTA', 7, '11-25-18', 'Slovakia', 'expense', 26);
insert into transcation (id, currency, category, description, user_id, date, location, type, amount)
values (272, 'eur', '', 'SOCIALNA POISTOVNA', 7, '11-29-18', 'Slovakia', 'expense', 70);
insert into transcation (id, currency, category, description, user_id, date, location, type, amount)
values (273, 'eur', '', 'SOCIALNA POISTOVNA', 7, '12-02-18', 'Slovakia', 'expense', 330);
insert into transcation (id, currency, category, description, user_id, date, location, type, amount)
values (274, 'eur', '', 'ROZHLAS A TELEVIZIA SLOVENSKA', 7, '12-05-18', 'Slovakia', 'expense', 6);
insert into transcation (id, currency, category, description, user_id, date, location, type, amount)
values (275, 'eur', '', '"ZSE ENERGIA', 7, '12-11-18', 'Slovakia', 'expense', 28);
