insert into transcation (id, currency, category, description, user_id, date, location, type)
values (0, 'eur', 'Grocery Stores/Supermarkets', 'LIDL', 18, '01-04-18', 'Slovakia', 'expense')
insert into transcation (id, currency, category, description, user_id, date, location, type)
values (1, 'eur', 'Grocery Stores/Supermarkets', 'LIDL', 8, '01-09-18', 'Slovakia', 'expense')
insert into transcation (id, currency, category, description, user_id, date, location, type)
values (2, 'eur', 'Drug Stores & Pharmacies', 'LEKAREN', 20, '01-19-18', 'Slovakia', 'expense')
insert into transcation (id, currency, category, description, user_id, date, location, type)
values (3, 'eur', 'Family Clothing Stores', 'H&M', 16, '02-03-18', 'Slovakia', 'expense')
insert into transcation (id, currency, category, description, user_id, date, location, type)
values (4, 'eur', 'Grocery Stores/Supermarkets', 'LIDL', 16, '03-02-18', 'Slovakia', 'expense')
insert into transcation (id, currency, category, description, user_id, date, location, type)
values (5, 'eur', 'Grocery Stores/Supermarkets', 'LIDL', 10, '03-26-18', 'Slovakia', 'expense')
insert into transcation (id, currency, category, description, user_id, date, location, type)
values (6, 'eur', 'Drug Stores & Pharmacies', 'LEKAREN', 27, '04-06-18', 'Slovakia', 'expense')
insert into transcation (id, currency, category, description, user_id, date, location, type)
values (7, 'eur', 'Grocery Stores/Supermarkets', 'LIDL', 2, '04-06-18', 'Slovakia', 'expense')
insert into transcation (id, currency, category, description, user_id, date, location, type)
values (8, 'eur', 'Grocery Stores/Supermarkets', 'DRACIK', 14, '04-16-18', 'Slovakia', 'expense')
insert into transcation (id, currency, category, description, user_id, date, location, type)
values (9, 'eur', 'Grocery Stores/Supermarkets', 'LIDL', 27, '04-30-18', 'Slovakia', 'expense')
insert into transcation (id, currency, category, description, user_id, date, location, type)
values (10, 'eur', 'Grocery Stores/Supermarkets', 'LIDL', 4, '05-08-18', 'Slovakia', 'expense')
insert into transcation (id, currency, category, description, user_id, date, location, type)
values (11, 'eur', 'Grocery Stores/Supermarkets', 'LIDL', 24, '05-28-18', 'Slovakia', 'expense')
insert into transcation (id, currency, category, description, user_id, date, location, type)
values (12, 'eur', 'Grocery Stores/Supermarkets', 'LIDL', 17, '06-09-18', 'Slovakia', 'expense')
insert into transcation (id, currency, category, description, user_id, date, location, type)
values (13, 'eur', 'Service Stations', 'LIDL', 28, '07-04-18', 'Slovakia', 'expense')
insert into transcation (id, currency, category, description, user_id, date, location, type)
values (14, 'eur', 'Grocery Stores/Supermarkets', 'LIDL', 17, '07-13-18', 'Slovakia', 'expense')
insert into transcation (id, currency, category, description, user_id, date, location, type)
values (15, 'eur', 'Grocery Stores/Supermarkets', 'DRACIK', 12, '07-25-18', 'Slovakia', 'expense')
insert into transcation (id, currency, category, description, user_id, date, location, type)
values (16, 'eur', 'Grocery Stores/Supermarkets', 'LIDL', 10, '07-25-18', 'Slovakia', 'expense')
insert into transcation (id, currency, category, description, user_id, date, location, type)
values (17, 'eur', 'Drug Stores & Pharmacies', 'LEKAREN', 20, '08-05-18', 'Slovakia', 'expense')
insert into transcation (id, currency, category, description, user_id, date, location, type)
values (18, 'eur', 'Shoe Stores', 'CCC', 25, '08-12-18', 'Slovakia', 'expense')
insert into transcation (id, currency, category, description, user_id, date, location, type)
values (19, 'eur', 'Shoe Stores', 'CCC', 20, '08-19-18', 'Slovakia', 'expense')
insert into transcation (id, currency, category, description, user_id, date, location, type)
values (20, 'eur', 'Financial Institutions - Automated Cash Disbursements', 'TB', 200, '08-28-18', 'Slovakia', 'expense')
insert into transcation (id, currency, category, description, user_id, date, location, type)
values (21, 'eur', 'Grocery Stores/Supermarkets', 'LIDL', 18, '09-09-18', 'Slovakia', 'expense')
insert into transcation (id, currency, category, description, user_id, date, location, type)
values (22, 'eur', 'Grocery Stores/Supermarkets', 'LIDL', 23, '09-19-18', 'Slovakia', 'expense')
insert into transcation (id, currency, category, description, user_id, date, location, type)
values (23, 'eur', 'Grocery Stores/Supermarkets', 'LIDL', 22, '10-03-18', 'Slovakia', 'expense')
insert into transcation (id, currency, category, description, user_id, date, location, type)
values (24, 'eur', 'Financial Institutions - Automated Cash Disbursements', 'TB', 90, '10-13-18', 'Slovakia', 'expense')
insert into transcation (id, currency, category, description, user_id, date, location, type)
values (25, 'eur', 'Grocery Stores/Supermarkets', 'LIDL', 9, '10-22-18', 'Slovakia', 'expense')
insert into transcation (id, currency, category, description, user_id, date, location, type)
values (26, 'eur', 'Sports/Riding Apparel Stores', 'CCC', 22, '11-05-18', 'Slovakia', 'expense')
insert into transcation (id, currency, category, description, user_id, date, location, type)
values (27, 'eur', 'Grocery Stores/Supermarkets', 'DRACIK', 24, '11-19-18', 'Slovakia', 'expense')
insert into transcation (id, currency, category, description, user_id, date, location, type)
values (28, 'eur', 'Family Clothing Stores', 'H&M', 13, '12-02-18', 'Slovakia', 'expense')
insert into transcation (id, currency, category, description, user_id, date, location, type)
values (29, 'eur', 'Grocery Stores/Supermarkets', 'LIDL', 14, '12-12-18', 'Slovakia', 'expense')
insert into transcation (id, currency, category, description, user_id, date, location, type)
values (30, 'eur', 'Shoe Stores', 'CCC', 25, '12-19-18', 'Slovakia', 'expense')
insert into transcation (id, currency, category, description, user_id, date, location, type)
values (31, 'eur', 'Book Stores', 'H&M', 23, '12-19-18', 'Slovakia', 'expense')
insert into transcation (id, currency, category, description, user_id, date, location, type)
values (32, 'eur', 'Grocery Stores/Supermarkets', 'LIDL', 7, '12-22-18', 'Slovakia', 'expense')
insert into transcation (id, currency, category, description, user_id, date, location, type)
values (33, 'eur', 'Family Clothing Stores', 'H&M', 8, '12-28-18', 'Slovakia', 'expense')
insert into transcation (id, currency, category, description, user_id, date, location, type)
values (34, 'eur', 'Grocery Stores/Supermarkets', 'LIDL', 7, '01-09-19', 'Slovakia', 'expense')
insert into transcation (id, currency, category, description, user_id, date, location, type)
values (35, 'eur', 'Grocery Stores/Supermarkets', 'LIDL', 24, '12-27-18', 'Slovakia', 'expense')
insert into transcation (id, currency, category, description, user_id, date, location, type)
values (36, 'eur', '', '', 21, '02-16-18', 'Slovakia', 'expense')
insert into transcation (id, currency, category, description, user_id, date, location, type)
values (37, 'eur', '', '"URAD PRACE', 283, '03-14-18', 'Slovakia', 'expense')
insert into transcation (id, currency, category, description, user_id, date, location, type)
values (38, 'eur', '', '"SLOVENSKA POSTA', 12, '04-10-18', 'Slovakia', 'expense')
insert into transcation (id, currency, category, description, user_id, date, location, type)
values (39, 'eur', '', '"SLOVENSKA POSTA', 28, '05-22-18', 'Slovakia', 'expense')
insert into transcation (id, currency, category, description, user_id, date, location, type)
values (40, 'eur', '', '', 28, '06-18-18', 'Slovakia', 'expense')
insert into transcation (id, currency, category, description, user_id, date, location, type)
values (41, 'eur', '', '"URAD PRACE', 283, '06-30-18', 'Slovakia', 'expense')
insert into transcation (id, currency, category, description, user_id, date, location, type)
values (42, 'eur', '', '"URAD PRACE', 283, '01-17-19', 'Slovakia', 'expense')
insert into transcation (id, currency, category, description, user_id, date, location, type)
values (43, 'eur', '', '"SLOVENSKA POSTA', 8, '01-18-19', 'Slovakia', 'expense')
