[
  { Type: 'Card', Debit/Credit: 'Debit', Date: '01-11-18', Country: 'SK', Amount: 2.00, Device: 'Terminal', Location: 'Slovakia', Mechant Type: 'Fast Food Restaurants', Merchant Name: 'BUBBLEOLOGY', Description: 'BRATISLAVA'
 },
  { Type: 'Card', Debit/Credit: 'Debit', Date: '01-23-18', Country: 'SK', Amount: 10.00, Device: 'ATM', Location: 'Slovakia', Mechant Type: 'Financial Institutions - Automated Cash Disbursements', Merchant Name: 'TB', Description: 'BRATISLAVA'
 },
  { Type: 'Card', Debit/Credit: 'Debit', Date: '02-08-18', Country: 'SK', Amount: 10.00, Device: 'ATM', Location: 'Slovakia', Mechant Type: 'Financial Institutions - Automated Cash Disbursements', Merchant Name: 'TB', Description: 'BRATISLAVA'
 },
  { Type: 'Card', Debit/Credit: 'Debit', Date: '02-21-18', Country: 'SK', Amount: 2.50, Device: 'Terminal', Location: 'Slovakia', Mechant Type: 'Fast Food Restaurants', Merchant Name: 'BUBBLEOLOGY', Description: 'BRATISLAVA'
 },
  { Type: 'Card', Debit/Credit: 'Debit', Date: '02-25-18', Country: 'SK', Amount: 10.00, Device: 'ATM', Location: 'Slovakia', Mechant Type: 'Financial Institutions - Automated Cash Disbursements', Merchant Name: 'TB KASTIELSKA', Description: 'BRATISLAVA'
 },
  { Type: 'Card', Debit/Credit: 'Debit', Date: '03-21-18', Country: 'SK', Amount: 2.50, Device: 'Terminal', Location: 'Slovakia', Mechant Type: 'Fast Food Restaurants', Merchant Name: 'BUBBLEOLOGY', Description: 'BRATISLAVA'
 },
  { Type: 'Transfer', Debit/Credit: 'Credit', Date: '01-10-18', Country: 'SK', Amount: 10.00, Device: '', Location: 'Slovakia', Mechant Type: '', Merchant Name: '', Description: 'VRECKOVE'
 },
  { Type: 'Transfer', Debit/Credit: 'Credit', Date: '01-28-18', Country: 'SK', Amount: 15.00, Device: '', Location: 'Slovakia', Mechant Type: '', Merchant Name: '', Description: 'VRECKOVE'
 },
  { Type: 'Transfer', Debit/Credit: 'Credit', Date: '02-22-18', Country: 'SK', Amount: 15.00, Device: '', Location: 'Slovakia', Mechant Type: '', Merchant Name: '', Description: 'VRECKOVE'
 }
]